{"D:\\Testes\\App.tsx": {"path":"D:\\Testes\\App.tsx","statementMap":{"0":{"start":{"line":5,"column":32},"end":{"line":5,"column":43}},"1":{"start":{"line":6,"column":2},"end":{"line":22,"column":4}},"2":{"start":{"line":11,"column":39},"end":{"line":11,"column":62}},"3":{"start":{"line":17,"column":39},"end":{"line":17,"column":62}},"4":{"start":{"line":25,"column":15},"end":{"line":41,"column":2}}},"fnMap":{"0":{"name":"App","decl":{"start":{"line":4,"column":24},"end":{"line":4,"column":27}},"loc":{"start":{"line":4,"column":30},"end":{"line":23,"column":1}},"line":4},"1":{"name":"(anonymous_1)","decl":{"start":{"line":11,"column":33},"end":{"line":11,"column":34}},"loc":{"start":{"line":11,"column":39},"end":{"line":11,"column":62}},"line":11},"2":{"name":"(anonymous_2)","decl":{"start":{"line":17,"column":33},"end":{"line":17,"column":34}},"loc":{"start":{"line":17,"column":39},"end":{"line":17,"column":62}},"line":17}},"branchMap":{},"s":{"0":6,"1":6,"2":2,"3":1,"4":1},"f":{"0":6,"1":2,"2":1},"b":{},"_coverageSchema":"1a1c01bbd47fc00a2c39e90264f33305004495a9","hash":"c8f177599eec9083f48c055ec997d7581a6cd3b0"}
,"D:\\Testes\\index.ts": {"path":"D:\\Testes\\index.ts","statementMap":{"0":{"start":{"line":8,"column":0},"end":{"line":8,"column":27}}},"fnMap":{},"branchMap":{},"s":{"0":0},"f":{},"b":{}}
}
